<?xml version="1.0" encoding="UTF-8"?>
<testsuites name="Integration Tests Copy" tests="3" time="0.000">
  <testsuite name="App Copy / Login Copy / Email Login" id="7bf614dc-5ee8-4a20-8d5c-c2264a7aab82" timestamp="2024-07-23T10:12:26.921Z" tests="1" failures="1" errors="1" time="0.000">
    <system-err><![CDATA[Iteration: 0
RequestError: Error: connect ETIMEDOUT 21.0.0.225:5000
    at TCPConnectWrap.afterConnect [as oncomplete] (node:net:1607:16)

---
]]></system-err>
    <testcase name="Response status code is 200" time="0.000" classname="IntegrationTestsCopy">
      <failure type="AssertionFailure" message="expected PostmanResponse{ …(5) } to have property 'code'">
        <![CDATA[Failed 1 times.]]>
        <![CDATA[Collection JSON ID: b35901c8-fc17-4fd1-888f-d7906801c178.]]>
        <![CDATA[Collection name: Integration Tests Copy.]]>
        <![CDATA[Request name: App Copy / Login Copy / Email Login.]]>
        <![CDATA[Test description: Response status code is 200.]]>
        <![CDATA[Error message: expected PostmanResponse{ …(5) } to have property 'code'.]]>
        <![CDATA[Stacktrace: AssertionError: expected PostmanResponse{ …(5) } to have property 'code'
   at Object.eval sandbox-script.js:1:1).]]>
      </failure>
    </testcase>
  </testsuite>
  <testsuite name="App Copy / Login Copy / Forgot Password" id="b864e68d-b64f-4796-9316-d6ca480acef7" timestamp="2024-07-23T10:12:26.921Z" tests="1" failures="1" errors="1" time="0.000">
    <system-err><![CDATA[Iteration: 0
RequestError: Error: connect ETIMEDOUT 21.0.0.225:5000
    at TCPConnectWrap.afterConnect [as oncomplete] (node:net:1607:16)

---
]]></system-err>
    <testcase name="Response status code is 204" time="0.000" classname="IntegrationTestsCopy">
      <failure type="AssertionFailure" message="expected PostmanResponse{ …(5) } to have property 'code'">
        <![CDATA[Failed 1 times.]]>
        <![CDATA[Collection JSON ID: b35901c8-fc17-4fd1-888f-d7906801c178.]]>
        <![CDATA[Collection name: Integration Tests Copy.]]>
        <![CDATA[Request name: App Copy / Login Copy / Forgot Password.]]>
        <![CDATA[Test description: Response status code is 204.]]>
        <![CDATA[Error message: expected PostmanResponse{ …(5) } to have property 'code'.]]>
        <![CDATA[Stacktrace: AssertionError: expected PostmanResponse{ …(5) } to have property 'code'
   at Object.eval sandbox-script.js:1:2).]]>
      </failure>
    </testcase>
  </testsuite>
  <testsuite name="App Copy / Login Copy / Social Login" id="af183ba4-e482-44c9-8f21-29e03d56ec53" timestamp="2024-07-23T10:12:26.921Z" tests="1" failures="1" errors="1" time="0.000">
    <system-err><![CDATA[Iteration: 0
RequestError: Error: connect ETIMEDOUT 21.0.0.225:5000
    at TCPConnectWrap.afterConnect [as oncomplete] (node:net:1607:16)

---
]]></system-err>
    <testcase name="Response status code is 200" time="0.000" classname="IntegrationTestsCopy">
      <failure type="AssertionFailure" message="expected PostmanResponse{ …(5) } to have property 'code'">
        <![CDATA[Failed 1 times.]]>
        <![CDATA[Collection JSON ID: b35901c8-fc17-4fd1-888f-d7906801c178.]]>
        <![CDATA[Collection name: Integration Tests Copy.]]>
        <![CDATA[Request name: App Copy / Login Copy / Social Login.]]>
        <![CDATA[Test description: Response status code is 200.]]>
        <![CDATA[Error message: expected PostmanResponse{ …(5) } to have property 'code'.]]>
        <![CDATA[Stacktrace: AssertionError: expected PostmanResponse{ …(5) } to have property 'code'
   at Object.eval sandbox-script.js:1:3).]]>
      </failure>
    </testcase>
  </testsuite>
</testsuites>